<?xml version="1.0" encoding="UTF-8"?>
<testsuites name="bun test" tests="1" assertions="2" failures="0" skipped="0" time="0.029078091">
  <testsuite name="frontend/__tests__/project-workspace-test-tab/proxy.test.ts" file="frontend/__tests__/project-workspace-test-tab/proxy.test.ts" tests="1" assertions="2" failures="0" skipped="0" time="0" hostname="9fe12e746345">
    <testsuite name="colpruebas managed project · project-workspace:test-tab proxy" file="frontend/__tests__/project-workspace-test-tab/proxy.test.ts" line="37" tests="1" assertions="2" failures="0" skipped="0" time="0.001" hostname="9fe12e746345">
      <testcase name="test-tab bundle declares PWT-01..PWT-12" classname="colpruebas managed project · project-workspace:test-tab proxy" time="0.00159" file="frontend/__tests__/project-workspace-test-tab/proxy.test.ts" line="38" assertions="2" />
    </testsuite>
  </testsuite>
</testsuites>
